# JRE version: OpenJDK Runtime Environment Temurin-21.0.10+7 (21.0.10+7) (build 21.0.10+7-LTS)
# Java VM: OpenJDK 64-Bit Server VM Temurin-21.0.10+7 (21.0.10+7-LTS, mixed mode, sharing, tiered, compressed oops, compressed class ptrs, g1 gc, windows-amd64)
GC Precious Log:
 CardTable entry size: 512
 Card Set container configuration: InlinePtr #cards 4 size 8 Array Of Cards #cards 32 size 80 Howl #buckets 8 coarsen threshold 7372 Howl Bitmap #cards 1024 size 144 coarsen threshold 921 Card regions per heap region 1 cards per card region 8192
 CPUs: 8 total, 8 available
 Memory: 16165M
 Large Page Support: Disabled
 NUMA Support: Disabled
 Compressed Oops: Enabled (Zero based)
 Heap Region Size: 4M
 Heap Min Capacity: 8M
 Heap Initial Capacity: 256M
 Heap Max Capacity: 8G
 Pre-touch: Disabled
 Parallel Workers: 8
 Concurrent Workers: 2
 Concurrent Refinement Workers: 8
 Periodic GC: Disabled
Heap:
 garbage-first heap   total 212992K, used 124691K [0x0000000600000000, 0x0000000800000000)
  region size 4096K, 2 young (8192K), 2 survivors (8192K)
 Metaspace       used 128481K, committed 131008K, reserved 1179648K
  class space    used 17106K, committed 18368K, reserved 1048576K
GC Heap History (20 events):
Event: 12.765 GC heap after
{Heap after GC invocations=26 (full 0):
 garbage-first heap   total 159744K, used 83452K [0x0000000600000000, 0x0000000800000000)
  region size 4096K, 2 young (8192K), 2 survivors (8192K)
 Metaspace       used 107354K, committed 109504K, reserved 1179648K
  class space    used 14051K, committed 15104K, reserved 1048576K
}
Event: 13.293 GC heap before
{Heap before GC invocations=26 (full 0):
 garbage-first heap   total 159744K, used 144892K [0x0000000600000000, 0x0000000800000000)
  region size 4096K, 17 young (69632K), 2 survivors (8192K)
 Metaspace       used 107624K, committed 109760K, reserved 1179648K
  class space    used 14053K, committed 15104K, reserved 1048576K
}
Event: 13.308 GC heap after
{Heap after GC invocations=27 (full 0):
 garbage-first heap   total 163840K, used 89199K [0x0000000600000000, 0x0000000800000000)
  region size 4096K, 3 young (12288K), 3 survivors (12288K)
 Metaspace       used 107624K, committed 109760K, reserved 1179648K
  class space    used 14053K, committed 15104K, reserved 1048576K
}
Event: 14.393 GC heap before
{Heap before GC invocations=27 (full 0):
 garbage-first heap   total 163840K, used 146543K [0x0000000600000000, 0x0000000800000000)
  region size 4096K, 17 young (69632K), 3 survivors (12288K)
 Metaspace       used 110829K, committed 113088K, reserved 1179648K
  class space    used 14564K, committed 15680K, reserved 1048576K
}
Event: 14.404 GC heap after
{Heap after GC invocations=28 (full 0):
 garbage-first heap   total 167936K, used 95115K [0x0000000600000000, 0x0000000800000000)
  region size 4096K, 3 young (12288K), 3 survivors (12288K)
 Metaspace       used 110829K, committed 113088K, reserved 1179648K
  class space    used 14564K, committed 15680K, reserved 1048576K
}
Event: 14.819 GC heap before
{Heap before GC invocations=29 (full 0):
 garbage-first heap   total 167936K, used 148363K [0x0000000600000000, 0x0000000800000000)
  region size 4096K, 16 young (65536K), 3 survivors (12288K)
 Metaspace       used 111359K, committed 113600K, reserved 1179648K
  class space    used 14644K, committed 15744K, reserved 1048576K
}
Event: 14.834 GC heap after
{Heap after GC invocations=30 (full 0):
 garbage-first heap   total 172032K, used 100945K [0x0000000600000000, 0x0000000800000000)
  region size 4096K, 2 young (8192K), 2 survivors (8192K)
 Metaspace       used 111359K, committed 113600K, reserved 1179648K
  class space    used 14644K, committed 15744K, reserved 1048576K
}
Event: 15.605 GC heap before
{Heap before GC invocations=30 (full 0):
 garbage-first heap   total 172032K, used 150097K [0x0000000600000000, 0x0000000800000000)
  region size 4096K, 14 young (57344K), 2 survivors (8192K)
 Metaspace       used 113614K, committed 115904K, reserved 1179648K
  class space    used 14932K, committed 16064K, reserved 1048576K
}
Event: 15.612 GC heap after
{Heap after GC invocations=31 (full 0):
 garbage-first heap   total 172032K, used 97006K [0x0000000600000000, 0x0000000800000000)
  region size 4096K, 1 young (4096K), 1 survivors (4096K)
 Metaspace       used 113614K, committed 115904K, reserved 1179648K
  class space    used 14932K, committed 16064K, reserved 1048576K
}
Event: 16.571 GC heap before
{Heap before GC invocations=31 (full 0):
 garbage-first heap   total 172032K, used 150254K [0x0000000600000000, 0x0000000800000000)
  region size 4096K, 15 young (61440K), 1 survivors (4096K)
 Metaspace       used 117412K, committed 119744K, reserved 1179648K
  class space    used 15551K, committed 16704K, reserved 1048576K
}
Event: 16.577 GC heap after
{Heap after GC invocations=32 (full 0):
 garbage-first heap   total 172032K, used 101506K [0x0000000600000000, 0x0000000800000000)
  region size 4096K, 2 young (8192K), 2 survivors (8192K)
 Metaspace       used 117412K, committed 119744K, reserved 1179648K
  class space    used 15551K, committed 16704K, reserved 1048576K
}
Event: 17.507 GC heap before
{Heap before GC invocations=33 (full 0):
 garbage-first heap   total 180224K, used 150658K [0x0000000600000000, 0x0000000800000000)
  region size 4096K, 14 young (57344K), 2 survivors (8192K)
 Metaspace       used 122287K, committed 124800K, reserved 1179648K
  class space    used 16251K, committed 17472K, reserved 1048576K
}
Event: 17.516 GC heap after
{Heap after GC invocations=34 (full 0):
 garbage-first heap   total 180224K, used 111578K [0x0000000600000000, 0x0000000800000000)
  region size 4096K, 2 young (8192K), 2 survivors (8192K)
 Metaspace       used 122287K, committed 124800K, reserved 1179648K
  class space    used 16251K, committed 17472K, reserved 1048576K
}
Event: 18.141 GC heap before
{Heap before GC invocations=34 (full 0):
 garbage-first heap   total 180224K, used 164826K [0x0000000600000000, 0x0000000800000000)
  region size 4096K, 14 young (57344K), 2 survivors (8192K)
 Metaspace       used 125588K, committed 128128K, reserved 1179648K
  class space    used 16720K, committed 17984K, reserved 1048576K
}
Event: 18.147 GC heap after
{Heap after GC invocations=35 (full 0):
 garbage-first heap   total 180224K, used 104316K [0x0000000600000000, 0x0000000800000000)
  region size 4096K, 1 young (4096K), 1 survivors (4096K)
 Metaspace       used 125588K, committed 128128K, reserved 1179648K
  class space    used 16720K, committed 17984K, reserved 1048576K
}
Event: 18.873 GC heap before
{Heap before GC invocations=35 (full 0):
 garbage-first heap   total 180224K, used 157564K [0x0000000600000000, 0x0000000800000000)
  region size 4096K, 15 young (61440K), 1 survivors (4096K)
 Metaspace       used 128289K, committed 130816K, reserved 1179648K
  class space    used 17105K, committed 18368K, reserved 1048576K
}
Event: 18.878 GC heap after
{Heap after GC invocations=36 (full 0):
 garbage-first heap   total 180224K, used 108780K [0x0000000600000000, 0x0000000800000000)
  region size 4096K, 2 young (8192K), 2 survivors (8192K)
 Metaspace       used 128289K, committed 130816K, reserved 1179648K
  class space    used 17105K, committed 18368K, reserved 1048576K
}
Event: 19.214 GC heap before
{Heap before GC invocations=37 (full 0):
 garbage-first heap   total 184320K, used 162028K [0x0000000600000000, 0x0000000800000000)
  region size 4096K, 15 young (61440K), 2 survivors (8192K)
 Metaspace       used 128364K, committed 130880K, reserved 1179648K
  class space    used 17105K, committed 18368K, reserved 1048576K
}
Event: 19.229 GC heap after
{Heap after GC invocations=38 (full 0):
 garbage-first heap   total 184320K, used 122623K [0x0000000600000000, 0x0000000800000000)
  region size 4096K, 2 young (8192K), 2 survivors (8192K)
 Metaspace       used 128364K, committed 130880K, reserved 1179648K
  class space    used 17105K, committed 18368K, reserved 1048576K
}
Event: 19.630 GC heap before
{Heap before GC invocations=38 (full 0):
 garbage-first heap   total 184320K, used 163583K [0x0000000600000000, 0x0000000800000000)
  region size 4096K, 12 young (49152K), 2 survivors (8192K)
 Metaspace       used 128481K, committed 131008K, reserved 1179648K
  class space    used 17106K, committed 18368K, reserved 1048576K
}

